<?xml version="1.0" encoding="UTF-8"?>
<!-- Generated by org.testng.reporters.JUnitReportReporter -->
<testsuite hostname="LAPTOP-ECIVHE0M" failures="0" tests="2" name="test.TC001_LoginTest" time="11.628" errors="0" timestamp="2025-03-01T21:12:57 IST" skipped="0">
  <testcase classname="test.TC001_LoginTest" name="loginTest" time="5.008"/>
  <system-out/>
  <testcase classname="test.TC001_LoginTest" name="loginTest" time="6.620"/>
  <system-out/>
</testsuite> <!-- test.TC001_LoginTest -->
