<?xml version="1.0" encoding="UTF-8"?>
<!-- Generated by org.testng.reporters.JUnitReportReporter -->
<testsuite hostname="LAPTOP-ECIVHE0M" failures="0" tests="2" name="test.TC002_SearchHotelTest" time="27.872" errors="0" timestamp="2025-03-01T21:12:57 IST" skipped="0">
  <testcase classname="test.TC002_SearchHotelTest" name="searchHotel" time="14.440"/>
  <system-out/>
  <testcase classname="test.TC002_SearchHotelTest" name="searchHotel" time="13.432"/>
  <system-out/>
</testsuite> <!-- test.TC002_SearchHotelTest -->
