<?xml version="1.0" encoding="UTF-8"?>
<!-- Generated by org.testng.reporters.JUnitReportReporter -->
<testsuite hostname="LAPTOP-ECIVHE0M" failures="0" tests="3" name="test.TC006_BookedItineraryTest" time="54.549" errors="0" timestamp="2025-03-01T21:12:57 IST" skipped="0">
  <testcase classname="test.TC006_BookedItineraryTest" name="searchOrderIdAndShowall" time="31.956"/>
  <system-out/>
  <testcase classname="test.TC006_BookedItineraryTest" name="cancelSelectedHotelUsingButton" time="12.258"/>
  <system-out/>
  <testcase classname="test.TC006_BookedItineraryTest" name="cancelOrderUsingButtonInsideGrid" time="10.335"/>
  <system-out/>
</testsuite> <!-- test.TC006_BookedItineraryTest -->
