<?xml version="1.0" encoding="UTF-8"?>
<!-- Generated by org.testng.reporters.JUnitReportReporter -->
<testsuite hostname="LAPTOP-ECIVHE0M" failures="0" tests="2" name="test.TC004_BookHotelTest" time="41.177" errors="0" timestamp="2025-03-01T21:12:57 IST" skipped="0">
  <testcase classname="test.TC004_BookHotelTest" name="bookHotel" time="20.782"/>
  <system-out/>
  <testcase classname="test.TC004_BookHotelTest" name="bookHotel" time="20.395"/>
  <system-out/>
</testsuite> <!-- test.TC004_BookHotelTest -->
