<?xml version="1.0" encoding="UTF-8"?>
<!-- Generated by org.testng.reporters.JUnitReportReporter -->
<testsuite hostname="LAPTOP-ECIVHE0M" failures="0" tests="1" name="test.TC003_SelectHotelTest" time="14.029" errors="0" timestamp="2025-03-01T21:08:26 IST" skipped="0">
  <testcase classname="test.TC003_SelectHotelTest" name="selectHotel" time="14.029"/>
  <system-out/>
</testsuite> <!-- test.TC003_SelectHotelTest -->
