<?xml version="1.0" encoding="UTF-8"?>
<!-- Generated by org.testng.reporters.JUnitReportReporter -->
<testsuite hostname="LAPTOP-ECIVHE0M" failures="0" tests="1" name="test.TC005_BookConfirmTest" time="24.196" errors="0" timestamp="2025-03-01T21:08:26 IST" skipped="0">
  <testcase classname="test.TC005_BookConfirmTest" name="bookConfirmHotel" time="24.196"/>
  <system-out/>
</testsuite> <!-- test.TC005_BookConfirmTest -->
