<?xml version="1.0" encoding="UTF-8"?>
<!-- Generated by org.testng.reporters.JUnitReportReporter -->
<testsuite hostname="LAPTOP-ECIVHE0M" failures="0" tests="3" name="test.TC006_BookedItineraryTest" time="45.525" errors="0" timestamp="2025-03-01T21:08:26 IST" skipped="0">
  <testcase classname="test.TC006_BookedItineraryTest" name="searchOrderIdAndShowall" time="28.038"/>
  <system-out/>
  <testcase classname="test.TC006_BookedItineraryTest" name="cancelSelectedHotelUsingButton" time="8.775"/>
  <system-out/>
  <testcase classname="test.TC006_BookedItineraryTest" name="cancelOrderUsingButtonInsideGrid" time="8.712"/>
  <system-out/>
</testsuite> <!-- test.TC006_BookedItineraryTest -->
