<?xml version="1.0" encoding="UTF-8"?>
<!-- Generated by org.testng.reporters.JUnitReportReporter -->
<testsuite hostname="LAPTOP-ECIVHE0M" failures="0" tests="1" name="test.TC007_LogoutTest" time="4.345" errors="0" timestamp="2025-03-01T21:08:26 IST" skipped="0">
  <testcase classname="test.TC007_LogoutTest" name="cancelOrderUsingButtonInsideGrid" time="4.345"/>
  <system-out/>
</testsuite> <!-- test.TC007_LogoutTest -->
