<?xml version="1.0" encoding="UTF-8"?>
<!-- Generated by org.testng.reporters.JUnitReportReporter -->
<testsuite hostname="LAPTOP-ECIVHE0M" failures="0" tests="2" name="test.TC001_LoginTest" time="10.944" errors="0" timestamp="2025-03-01T21:08:26 IST" skipped="0">
  <testcase classname="test.TC001_LoginTest" name="loginTest" time="5.868"/>
  <system-out/>
  <testcase classname="test.TC001_LoginTest" name="loginTest" time="5.076"/>
  <system-out/>
</testsuite> <!-- test.TC001_LoginTest -->
